# JRE version: Java(TM) SE Runtime Environment (8.0_221-b11) (build 1.8.0_221-b11)
# Java VM: Java HotSpot(TM) 64-Bit Server VM (25.221-b11 mixed mode windows-amd64 compressed oops)
Heap:
 PSYoungGen      total 139776K, used 21341K [0x00000000d6700000, 0x00000000df800000, 0x0000000100000000)
  eden space 131072K, 16% used [0x00000000d6700000,0x00000000d7bd7508,0x00000000de700000)
  from space 8704K, 0% used [0x00000000def80000,0x00000000def80000,0x00000000df800000)
  to   space 8704K, 0% used [0x00000000de700000,0x00000000de700000,0x00000000def80000)
 ParOldGen       total 45568K, used 7718K [0x0000000083400000, 0x0000000086080000, 0x00000000d6700000)
  object space 45568K, 16% used [0x0000000083400000,0x0000000083b89bf0,0x0000000086080000)
 Metaspace       used 22446K, capacity 22732K, committed 23040K, reserved 1071104K
  class space    used 2612K, capacity 2702K, committed 2816K, reserved 1048576K
GC Heap History (10 events):
Event: 7.045 GC heap before
{Heap before GC invocations=3 (full 0):
 PSYoungGen      total 37888K, used 37867K [0x00000000d6700000, 0x00000000d9100000, 0x0000000100000000)
  eden space 32768K, 100% used [0x00000000d6700000,0x00000000d8700000,0x00000000d8700000)
  from space 5120K, 99% used [0x00000000d8c00000,0x00000000d90faf68,0x00000000d9100000)
  to   space 5120K, 0% used [0x00000000d8700000,0x00000000d8700000,0x00000000d8c00000)
 ParOldGen       total 86016K, used 436K [0x0000000083400000, 0x0000000088800000, 0x00000000d6700000)
  object space 86016K, 0% used [0x0000000083400000,0x000000008346d0b8,0x0000000088800000)
 Metaspace       used 15617K, capacity 15758K, committed 16000K, reserved 1062912K
  class space    used 1828K, capacity 1879K, committed 1920K, reserved 1048576K
Event: 7.056 GC heap after
Heap after GC invocations=3 (full 0):
 PSYoungGen      total 37888K, used 5077K [0x00000000d6700000, 0x00000000db100000, 0x0000000100000000)
  eden space 32768K, 0% used [0x00000000d6700000,0x00000000d6700000,0x00000000d8700000)
  from space 5120K, 99% used [0x00000000d8700000,0x00000000d8bf5648,0x00000000d8c00000)
  to   space 5120K, 0% used [0x00000000dac00000,0x00000000dac00000,0x00000000db100000)
 ParOldGen       total 86016K, used 444K [0x0000000083400000, 0x0000000088800000, 0x00000000d6700000)
  object space 86016K, 0% used [0x0000000083400000,0x000000008346f0b8,0x0000000088800000)
 Metaspace       used 15617K, capacity 15758K, committed 16000K, reserved 1062912K
  class space    used 1828K, capacity 1879K, committed 1920K, reserved 1048576K
}
Event: 7.274 GC heap before
{Heap before GC invocations=4 (full 0):
 PSYoungGen      total 37888K, used 37845K [0x00000000d6700000, 0x00000000db100000, 0x0000000100000000)
  eden space 32768K, 100% used [0x00000000d6700000,0x00000000d8700000,0x00000000d8700000)
  from space 5120K, 99% used [0x00000000d8700000,0x00000000d8bf5648,0x00000000d8c00000)
  to   space 5120K, 0% used [0x00000000dac00000,0x00000000dac00000,0x00000000db100000)
 ParOldGen       total 86016K, used 444K [0x0000000083400000, 0x0000000088800000, 0x00000000d6700000)
  object space 86016K, 0% used [0x0000000083400000,0x000000008346f0b8,0x0000000088800000)
 Metaspace       used 15911K, capacity 16084K, committed 16256K, reserved 1062912K
  class space    used 1842K, capacity 1880K, committed 1920K, reserved 1048576K
Event: 7.287 GC heap after
Heap after GC invocations=4 (full 0):
 PSYoungGen      total 70656K, used 4722K [0x00000000d6700000, 0x00000000db100000, 0x0000000100000000)
  eden space 65536K, 0% used [0x00000000d6700000,0x00000000d6700000,0x00000000da700000)
  from space 5120K, 92% used [0x00000000dac00000,0x00000000db09cad8,0x00000000db100000)
  to   space 5120K, 0% used [0x00000000da700000,0x00000000da700000,0x00000000dac00000)
 ParOldGen       total 86016K, used 452K [0x0000000083400000, 0x0000000088800000, 0x00000000d6700000)
  object space 86016K, 0% used [0x0000000083400000,0x00000000834710b8,0x0000000088800000)
 Metaspace       used 15911K, capacity 16084K, committed 16256K, reserved 1062912K
  class space    used 1842K, capacity 1880K, committed 1920K, reserved 1048576K
}
Event: 10.931 GC heap before
{Heap before GC invocations=5 (full 0):
 PSYoungGen      total 70656K, used 70258K [0x00000000d6700000, 0x00000000db100000, 0x0000000100000000)
  eden space 65536K, 100% used [0x00000000d6700000,0x00000000da700000,0x00000000da700000)
  from space 5120K, 92% used [0x00000000dac00000,0x00000000db09cad8,0x00000000db100000)
  to   space 5120K, 0% used [0x00000000da700000,0x00000000da700000,0x00000000dac00000)
 ParOldGen       total 86016K, used 452K [0x0000000083400000, 0x0000000088800000, 0x00000000d6700000)
  object space 86016K, 0% used [0x0000000083400000,0x00000000834710b8,0x0000000088800000)
 Metaspace       used 20818K, capacity 21100K, committed 21248K, reserved 1069056K
  class space    used 2424K, capacity 2542K, committed 2560K, reserved 1048576K
Event: 10.950 GC heap after
Heap after GC invocations=5 (full 0):
 PSYoungGen      total 70656K, used 5106K [0x00000000d6700000, 0x00000000df800000, 0x0000000100000000)
  eden space 65536K, 0% used [0x00000000d6700000,0x00000000d6700000,0x00000000da700000)
  from space 5120K, 99% used [0x00000000da700000,0x00000000dabfcb18,0x00000000dac00000)
  to   space 8704K, 0% used [0x00000000def80000,0x00000000def80000,0x00000000df800000)
 ParOldGen       total 86016K, used 4798K [0x0000000083400000, 0x0000000088800000, 0x00000000d6700000)
  object space 86016K, 5% used [0x0000000083400000,0x00000000838af9d0,0x0000000088800000)
 Metaspace       used 20818K, capacity 21100K, committed 21248K, reserved 1069056K
  class space    used 2424K, capacity 2542K, committed 2560K, reserved 1048576K
}
Event: 10.956 GC heap before
{Heap before GC invocations=6 (full 0):
 PSYoungGen      total 70656K, used 6512K [0x00000000d6700000, 0x00000000df800000, 0x0000000100000000)
  eden space 65536K, 2% used [0x00000000d6700000,0x00000000d685f748,0x00000000da700000)
  from space 5120K, 99% used [0x00000000da700000,0x00000000dabfcb18,0x00000000dac00000)
  to   space 8704K, 0% used [0x00000000def80000,0x00000000def80000,0x00000000df800000)
 ParOldGen       total 86016K, used 4798K [0x0000000083400000, 0x0000000088800000, 0x00000000d6700000)
  object space 86016K, 5% used [0x0000000083400000,0x00000000838af9d0,0x0000000088800000)
 Metaspace       used 20825K, capacity 21100K, committed 21248K, reserved 1069056K
  class space    used 2424K, capacity 2542K, committed 2560K, reserved 1048576K
Event: 10.972 GC heap after
Heap after GC invocations=6 (full 0):
 PSYoungGen      total 139776K, used 5202K [0x00000000d6700000, 0x00000000df800000, 0x0000000100000000)
  eden space 131072K, 0% used [0x00000000d6700000,0x00000000d6700000,0x00000000de700000)
  from space 8704K, 59% used [0x00000000def80000,0x00000000df494b18,0x00000000df800000)
  to   space 8704K, 0% used [0x00000000de700000,0x00000000de700000,0x00000000def80000)
 ParOldGen       total 86016K, used 4798K [0x0000000083400000, 0x0000000088800000, 0x00000000d6700000)
  object space 86016K, 5% used [0x0000000083400000,0x00000000838af9d0,0x0000000088800000)
 Metaspace       used 20825K, capacity 21100K, committed 21248K, reserved 1069056K
  class space    used 2424K, capacity 2542K, committed 2560K, reserved 1048576K
}
Event: 10.972 GC heap before
{Heap before GC invocations=7 (full 1):
 PSYoungGen      total 139776K, used 5202K [0x00000000d6700000, 0x00000000df800000, 0x0000000100000000)
  eden space 131072K, 0% used [0x00000000d6700000,0x00000000d6700000,0x00000000de700000)
  from space 8704K, 59% used [0x00000000def80000,0x00000000df494b18,0x00000000df800000)
  to   space 8704K, 0% used [0x00000000de700000,0x00000000de700000,0x00000000def80000)
 ParOldGen       total 86016K, used 4798K [0x0000000083400000, 0x0000000088800000, 0x00000000d6700000)
  object space 86016K, 5% used [0x0000000083400000,0x00000000838af9d0,0x0000000088800000)
 Metaspace       used 20825K, capacity 21100K, committed 21248K, reserved 1069056K
  class space    used 2424K, capacity 2542K, committed 2560K, reserved 1048576K
Event: 11.046 GC heap after
Heap after GC invocations=7 (full 1):
 PSYoungGen      total 139776K, used 0K [0x00000000d6700000, 0x00000000df800000, 0x0000000100000000)
  eden space 131072K, 0% used [0x00000000d6700000,0x00000000d6700000,0x00000000de700000)
  from space 8704K, 0% used [0x00000000def80000,0x00000000def80000,0x00000000df800000)
  to   space 8704K, 0% used [0x00000000de700000,0x00000000de700000,0x00000000def80000)
 ParOldGen       total 45568K, used 7718K [0x0000000083400000, 0x0000000086080000, 0x00000000d6700000)
  object space 45568K, 16% used [0x0000000083400000,0x0000000083b89bf0,0x0000000086080000)
 Metaspace       used 20825K, capacity 21100K, committed 21248K, reserved 1069056K
  class space    used 2424K, capacity 2542K, committed 2560K, reserved 1048576K
}

