# JRE version: Java(TM) SE Runtime Environment (8.0_251-b08) (build 1.8.0_251-b08)
# Java VM: Java HotSpot(TM) Client VM (25.251-b08 mixed mode windows-x86 )
Heap:
 def new generation   total 5120K, used 5066K [0x05000000, 0x05580000, 0x0a550000)
  eden space 4608K,  99% used [0x05000000, 0x054774e8, 0x05480000)
  from space 512K,  96% used [0x05500000, 0x0557b658, 0x05580000)
  to   space 512K,   2% used [0x05480000, 0x05483280, 0x05500000)
 tenured generation   total 11216K, used 8099K [0x0a550000, 0x0b044000, 0x15000000)
   the space 11216K,  72% used [0x0a550000, 0x0ad38f30, 0x0ad39000, 0x0b044000)
 Metaspace       used 14377K, capacity 14567K, committed 14592K, reserved 14720K
GC Heap History (10 events):
Event: 2.897 GC heap after
Heap after GC invocations=41 (full 1):
 def new generation   total 5120K, used 275K [0x05000000, 0x05580000, 0x0a550000)
  eden space 4608K,   0% used [0x05000000, 0x05000000, 0x05480000)
  from space 512K,  53% used [0x05500000, 0x05544fc8, 0x05580000)
  to   space 512K,   0% used [0x05480000, 0x05480000, 0x05500000)
 tenured generation   total 11216K, used 7747K [0x0a550000, 0x0b044000, 0x15000000)
   the space 11216K,  69% used [0x0a550000, 0x0ace0ed8, 0x0ace1000, 0x0b044000)
 Metaspace       used 12667K, capacity 12839K, committed 12928K, reserved 13696K
}
Event: 2.948 GC heap before
{Heap before GC invocations=41 (full 1):
 def new generation   total 5120K, used 4883K [0x05000000, 0x05580000, 0x0a550000)
  eden space 4608K, 100% used [0x05000000, 0x05480000, 0x05480000)
  from space 512K,  53% used [0x05500000, 0x05544fc8, 0x05580000)
  to   space 512K,   0% used [0x05480000, 0x05480000, 0x05500000)
 tenured generation   total 11216K, used 7747K [0x0a550000, 0x0b044000, 0x15000000)
   the space 11216K,  69% used [0x0a550000, 0x0ace0ed8, 0x0ace1000, 0x0b044000)
 Metaspace       used 12910K, capacity 13063K, committed 13184K, reserved 13696K
Event: 2.949 GC heap after
Heap after GC invocations=42 (full 1):
 def new generation   total 5120K, used 260K [0x05000000, 0x05580000, 0x0a550000)
  eden space 4608K,   0% used [0x05000000, 0x05000000, 0x05480000)
  from space 512K,  50% used [0x05480000, 0x054c1058, 0x05500000)
  to   space 512K,   0% used [0x05500000, 0x05500000, 0x05580000)
 tenured generation   total 11216K, used 7819K [0x0a550000, 0x0b044000, 0x15000000)
   the space 11216K,  69% used [0x0a550000, 0x0acf2dc0, 0x0acf2e00, 0x0b044000)
 Metaspace       used 12910K, capacity 13063K, committed 13184K, reserved 13696K
}
Event: 3.070 GC heap before
{Heap before GC invocations=42 (full 1):
 def new generation   total 5120K, used 4868K [0x05000000, 0x05580000, 0x0a550000)
  eden space 4608K, 100% used [0x05000000, 0x05480000, 0x05480000)
  from space 512K,  50% used [0x05480000, 0x054c1058, 0x05500000)
  to   space 512K,   0% used [0x05500000, 0x05500000, 0x05580000)
 tenured generation   total 11216K, used 7819K [0x0a550000, 0x0b044000, 0x15000000)
   the space 11216K,  69% used [0x0a550000, 0x0acf2dc0, 0x0acf2e00, 0x0b044000)
 Metaspace       used 13167K, capacity 13319K, committed 13440K, reserved 13696K
Event: 3.072 GC heap after
Heap after GC invocations=43 (full 1):
 def new generation   total 5120K, used 363K [0x05000000, 0x05580000, 0x0a550000)
  eden space 4608K,   0% used [0x05000000, 0x05000000, 0x05480000)
  from space 512K,  70% used [0x05500000, 0x0555acc8, 0x05580000)
  to   space 512K,   0% used [0x05480000, 0x05480000, 0x05500000)
 tenured generation   total 11216K, used 7925K [0x0a550000, 0x0b044000, 0x15000000)
   the space 11216K,  70% used [0x0a550000, 0x0ad0d650, 0x0ad0d800, 0x0b044000)
 Metaspace       used 13167K, capacity 13319K, committed 13440K, reserved 13696K
}
Event: 3.123 GC heap before
{Heap before GC invocations=43 (full 1):
 def new generation   total 5120K, used 4971K [0x05000000, 0x05580000, 0x0a550000)
  eden space 4608K, 100% used [0x05000000, 0x05480000, 0x05480000)
  from space 512K,  70% used [0x05500000, 0x0555acc8, 0x05580000)
  to   space 512K,   0% used [0x05480000, 0x05480000, 0x05500000)
 tenured generation   total 11216K, used 7925K [0x0a550000, 0x0b044000, 0x15000000)
   the space 11216K,  70% used [0x0a550000, 0x0ad0d650, 0x0ad0d800, 0x0b044000)
 Metaspace       used 13493K, capacity 13671K, committed 13696K, reserved 13696K
Event: 3.125 GC heap after
Heap after GC invocations=44 (full 1):
 def new generation   total 5120K, used 381K [0x05000000, 0x05580000, 0x0a550000)
  eden space 4608K,   0% used [0x05000000, 0x05000000, 0x05480000)
  from space 512K,  74% used [0x05480000, 0x054df408, 0x05500000)
  to   space 512K,   0% used [0x05500000, 0x05500000, 0x05580000)
 tenured generation   total 11216K, used 7990K [0x0a550000, 0x0b044000, 0x15000000)
   the space 11216K,  71% used [0x0a550000, 0x0ad1d858, 0x0ad1da00, 0x0b044000)
 Metaspace       used 13493K, capacity 13671K, committed 13696K, reserved 13696K
}
Event: 3.164 GC heap before
{Heap before GC invocations=44 (full 1):
 def new generation   total 5120K, used 4989K [0x05000000, 0x05580000, 0x0a550000)
  eden space 4608K, 100% used [0x05000000, 0x05480000, 0x05480000)
  from space 512K,  74% used [0x05480000, 0x054df408, 0x05500000)
  to   space 512K,   0% used [0x05500000, 0x05500000, 0x05580000)
 tenured generation   total 11216K, used 7990K [0x0a550000, 0x0b044000, 0x15000000)
   the space 11216K,  71% used [0x0a550000, 0x0ad1d858, 0x0ad1da00, 0x0b044000)
 Metaspace       used 13864K, capacity 14023K, committed 14080K, reserved 14720K
Event: 3.166 GC heap after
Heap after GC invocations=45 (full 1):
 def new generation   total 5120K, used 493K [0x05000000, 0x05580000, 0x0a550000)
  eden space 4608K,   0% used [0x05000000, 0x05000000, 0x05480000)
  from space 512K,  96% used [0x05500000, 0x0557b658, 0x05580000)
  to   space 512K,   0% used [0x05480000, 0x05480000, 0x05500000)
 tenured generation   total 11216K, used 8094K [0x0a550000, 0x0b044000, 0x15000000)
   the space 11216K,  72% used [0x0a550000, 0x0ad37980, 0x0ad37a00, 0x0b044000)
 Metaspace       used 13864K, capacity 14023K, committed 14080K, reserved 14720K
}
Event: 61867.112 GC heap before
{Heap before GC invocations=45 (full 1):
 def new generation   total 5120K, used 5066K [0x05000000, 0x05580000, 0x0a550000)
  eden space 4608K,  99% used [0x05000000, 0x05477400, 0x05480000)
  from space 512K,  96% used [0x05500000, 0x0557b658, 0x05580000)
  to   space 512K,   0% used [0x05480000, 0x05480000, 0x05500000)
 tenured generation   total 11216K, used 8094K [0x0a550000, 0x0b044000, 0x15000000)
   the space 11216K,  72% used [0x0a550000, 0x0ad37980, 0x0ad37a00, 0x0b044000)
 Metaspace       used 14377K, capacity 14567K, committed 14592K, reserved 14720K

