# JRE version: Java(TM) SE Runtime Environment (8.0_251-b08) (build 1.8.0_251-b08)
# Java VM: Java HotSpot(TM) Client VM (25.251-b08 mixed mode windows-x86 )
Heap:
 def new generation   total 4992K, used 4790K [0x05600000, 0x05b60000, 0x0ab50000)
  eden space 4480K,  99% used [0x05600000, 0x05a55650, 0x05a60000)
  from space 512K,  68% used [0x05a60000, 0x05ab81c8, 0x05ae0000)
  to   space 512K,   1% used [0x05ae0000, 0x05ae1c28, 0x05b60000)
 tenured generation   total 10944K, used 7832K [0x0ab50000, 0x0b600000, 0x15600000)
   the space 10944K,  71% used [0x0ab50000, 0x0b2f6178, 0x0b2f6200, 0x0b600000)
 Metaspace       used 15442K, capacity 15623K, committed 15744K, reserved 15744K
GC Heap History (10 events):
Event: 2.830 GC heap after
Heap after GC invocations=43 (full 1):
 def new generation   total 4992K, used 230K [0x05600000, 0x05b60000, 0x0ab50000)
  eden space 4480K,   0% used [0x05600000, 0x05600000, 0x05a60000)
  from space 512K,  44% used [0x05a60000, 0x05a99968, 0x05ae0000)
  to   space 512K,   0% used [0x05ae0000, 0x05ae0000, 0x05b60000)
 tenured generation   total 10944K, used 7525K [0x0ab50000, 0x0b600000, 0x15600000)
   the space 10944K,  68% used [0x0ab50000, 0x0b2a97f8, 0x0b2a9800, 0x0b600000)
 Metaspace       used 12893K, capacity 13063K, committed 13184K, reserved 13696K
}
Event: 2.874 GC heap before
{Heap before GC invocations=43 (full 1):
 def new generation   total 4992K, used 4710K [0x05600000, 0x05b60000, 0x0ab50000)
  eden space 4480K, 100% used [0x05600000, 0x05a60000, 0x05a60000)
  from space 512K,  44% used [0x05a60000, 0x05a99968, 0x05ae0000)
  to   space 512K,   0% used [0x05ae0000, 0x05ae0000, 0x05b60000)
 tenured generation   total 10944K, used 7525K [0x0ab50000, 0x0b600000, 0x15600000)
   the space 10944K,  68% used [0x0ab50000, 0x0b2a97f8, 0x0b2a9800, 0x0b600000)
 Metaspace       used 13110K, capacity 13255K, committed 13312K, reserved 13696K
Event: 2.876 GC heap after
Heap after GC invocations=44 (full 1):
 def new generation   total 4992K, used 413K [0x05600000, 0x05b60000, 0x0ab50000)
  eden space 4480K,   0% used [0x05600000, 0x05600000, 0x05a60000)
  from space 512K,  80% used [0x05ae0000, 0x05b47698, 0x05b60000)
  to   space 512K,   0% used [0x05a60000, 0x05a60000, 0x05ae0000)
 tenured generation   total 10944K, used 7525K [0x0ab50000, 0x0b600000, 0x15600000)
   the space 10944K,  68% used [0x0ab50000, 0x0b2a97f8, 0x0b2a9800, 0x0b600000)
 Metaspace       used 13110K, capacity 13255K, committed 13312K, reserved 13696K
}
Event: 2.984 GC heap before
{Heap before GC invocations=44 (full 1):
 def new generation   total 4992K, used 4893K [0x05600000, 0x05b60000, 0x0ab50000)
  eden space 4480K, 100% used [0x05600000, 0x05a60000, 0x05a60000)
  from space 512K,  80% used [0x05ae0000, 0x05b47698, 0x05b60000)
  to   space 512K,   0% used [0x05a60000, 0x05a60000, 0x05ae0000)
 tenured generation   total 10944K, used 7525K [0x0ab50000, 0x0b600000, 0x15600000)
   the space 10944K,  68% used [0x0ab50000, 0x0b2a97f8, 0x0b2a9800, 0x0b600000)
 Metaspace       used 13463K, capacity 13607K, committed 13696K, reserved 13696K
Event: 2.985 GC heap after
Heap after GC invocations=45 (full 1):
 def new generation   total 4992K, used 477K [0x05600000, 0x05b60000, 0x0ab50000)
  eden space 4480K,   0% used [0x05600000, 0x05600000, 0x05a60000)
  from space 512K,  93% used [0x05a60000, 0x05ad7750, 0x05ae0000)
  to   space 512K,   0% used [0x05ae0000, 0x05ae0000, 0x05b60000)
 tenured generation   total 10944K, used 7673K [0x0ab50000, 0x0b600000, 0x15600000)
   the space 10944K,  70% used [0x0ab50000, 0x0b2ce760, 0x0b2ce800, 0x0b600000)
 Metaspace       used 13463K, capacity 13607K, committed 13696K, reserved 13696K
}
Event: 3.018 GC heap before
{Heap before GC invocations=45 (full 1):
 def new generation   total 4992K, used 4957K [0x05600000, 0x05b60000, 0x0ab50000)
  eden space 4480K, 100% used [0x05600000, 0x05a60000, 0x05a60000)
  from space 512K,  93% used [0x05a60000, 0x05ad7750, 0x05ae0000)
  to   space 512K,   0% used [0x05ae0000, 0x05ae0000, 0x05b60000)
 tenured generation   total 10944K, used 7673K [0x0ab50000, 0x0b600000, 0x15600000)
   the space 10944K,  70% used [0x0ab50000, 0x0b2ce760, 0x0b2ce800, 0x0b600000)
 Metaspace       used 13797K, capacity 13959K, committed 14080K, reserved 14720K
Event: 3.019 GC heap after
Heap after GC invocations=46 (full 1):
 def new generation   total 4992K, used 359K [0x05600000, 0x05b60000, 0x0ab50000)
  eden space 4480K,   0% used [0x05600000, 0x05600000, 0x05a60000)
  from space 512K,  70% used [0x05ae0000, 0x05b39e40, 0x05b60000)
  to   space 512K,   0% used [0x05a60000, 0x05a60000, 0x05ae0000)
 tenured generation   total 10944K, used 7805K [0x0ab50000, 0x0b600000, 0x15600000)
   the space 10944K,  71% used [0x0ab50000, 0x0b2ef4b8, 0x0b2ef600, 0x0b600000)
 Metaspace       used 13797K, capacity 13959K, committed 14080K, reserved 14720K
}
Event: 3.074 GC heap before
{Heap before GC invocations=46 (full 1):
 def new generation   total 4992K, used 4839K [0x05600000, 0x05b60000, 0x0ab50000)
  eden space 4480K, 100% used [0x05600000, 0x05a60000, 0x05a60000)
  from space 512K,  70% used [0x05ae0000, 0x05b39e40, 0x05b60000)
  to   space 512K,   0% used [0x05a60000, 0x05a60000, 0x05ae0000)
 tenured generation   total 10944K, used 7805K [0x0ab50000, 0x0b600000, 0x15600000)
   the space 10944K,  71% used [0x0ab50000, 0x0b2ef4b8, 0x0b2ef600, 0x0b600000)
 Metaspace       used 14072K, capacity 14247K, committed 14336K, reserved 14720K
Event: 3.076 GC heap after
Heap after GC invocations=47 (full 1):
 def new generation   total 4992K, used 352K [0x05600000, 0x05b60000, 0x0ab50000)
  eden space 4480K,   0% used [0x05600000, 0x05600000, 0x05a60000)
  from space 512K,  68% used [0x05a60000, 0x05ab81c8, 0x05ae0000)
  to   space 512K,   0% used [0x05ae0000, 0x05ae0000, 0x05b60000)
 tenured generation   total 10944K, used 7823K [0x0ab50000, 0x0b600000, 0x15600000)
   the space 10944K,  71% used [0x0ab50000, 0x0b2f3d78, 0x0b2f3e00, 0x0b600000)
 Metaspace       used 14072K, capacity 14247K, committed 14336K, reserved 14720K
}
Event: 170707.042 GC heap before
{Heap before GC invocations=47 (full 1):
 def new generation   total 4992K, used 4790K [0x05600000, 0x05b60000, 0x0ab50000)
  eden space 4480K,  99% used [0x05600000, 0x05a55650, 0x05a60000)
  from space 512K,  68% used [0x05a60000, 0x05ab81c8, 0x05ae0000)
  to   space 512K,   0% used [0x05ae0000, 0x05ae0000, 0x05b60000)
 tenured generation   total 10944K, used 7823K [0x0ab50000, 0x0b600000, 0x15600000)
   the space 10944K,  71% used [0x0ab50000, 0x0b2f3d78, 0x0b2f3e00, 0x0b600000)
 Metaspace       used 15442K, capacity 15623K, committed 15744K, reserved 15744K

